i32* %1
i32* %0
i32* %1
i32* %0
i32* %1
i32* %0
i32* %1
i32* %0
i32* %1
i32* %0
i32* %1
i32* %0
i32* %1
i32* %0
i32* %1
i32* %0
i32* %1
i32* %0
i32* %1
i32* %0
i32* %1
i32* %0
i32* %1
i32* %0
===-------------------------------------------------------------------------===
                          ... Statistics Collected ...
===-------------------------------------------------------------------------===

12 aa             - Number of MayAlias results
40 assume-queries - Number of Queries into an assume assume bundles
 2 dse            - Number of stores remaining after DSE
 1 function-attrs - Number of functions marked as nofree
 1 function-attrs - Number of functions marked as norecurse
 1 function-attrs - Number of functions marked as nosync
 1 function-attrs - Number of functions marked as willreturn
 1 function-attrs - Number of arguments marked writeonly
 2 globalopt      - Number of globals deleted
 1 globalopt      - Number of globals marked unnamed_addr
 8 instcombine    - Number of instruction combining iterations performed
 3 ir             - Number of renumberings across all blocks
 1 mem2reg        - Number of PHI nodes inserted
 3 mem2reg        - Number of alloca's promoted with a single store
 1 simplifycfg    - Number of branches folded into predecessor basic block
 6 simplifycfg    - Number of blocks simplified
 1 sroa           - Maximum number of partitions per alloca
 5 sroa           - Maximum number of uses of a partition
17 sroa           - Number of alloca partition uses rewritten
 5 sroa           - Number of alloca partitions formed
 5 sroa           - Number of allocas analyzed for replacement
19 sroa           - Number of instructions deleted
 5 sroa           - Number of allocas promoted to SSA values

